1549197571147	geckodriver	INFO	geckodriver 0.21.0
1549197571162	geckodriver	INFO	Listening on 127.0.0.1:52827
1549197572156	mozrunner::runner	INFO	Running command: "/Applications/Firefox.app/Contents/MacOS/firefox-bin" "-marionette" "-foreground" "-no-remote" "-profile" "/var/folders/1z/sctt4hw53635zk56cdy410zc0000gn/T/rust_mozprofile.5x5D6CJzuhdY"
1549197572983	addons.webextension.screenshots@mozilla.org	WARN	Loading extension 'screenshots@mozilla.org': Reading manifest: Invalid host permission: resource://pdf.js/
1549197572984	addons.webextension.screenshots@mozilla.org	WARN	Loading extension 'screenshots@mozilla.org': Reading manifest: Invalid host permission: about:reader*
1549197573118	Marionette	TRACE	Received observer notification profile-after-change
1549197573317	Marionette	TRACE	Received observer notification command-line-startup
1549197573317	Marionette	TRACE	Received observer notification nsPref:changed
1549197573317	Marionette	DEBUG	Init aborted (running=false, enabled=true, finalUIStartup=false)
1549197573502	Marionette	TRACE	Received observer notification toplevel-window-ready
Can't find symbol 'GetGraphicsResetStatus'.
1549197574616	Marionette	TRACE	Received observer notification sessionstore-windows-restored
1549197574616	Marionette	TRACE	Waiting until startup recorder finished recording startup scripts...
1549197574804	Marionette	TRACE	All scripts recorded.
1549197574804	Marionette	DEBUG	Setting recommended pref app.update.disabledForTesting to true
1549197574804	Marionette	DEBUG	Setting recommended pref apz.content_response_timeout to 60000
1549197574805	Marionette	DEBUG	Setting recommended pref browser.contentblocking.introCount to 99
1549197574805	Marionette	DEBUG	Setting recommended pref browser.download.panel.shown to true
1549197574805	Marionette	DEBUG	Setting recommended pref browser.newtabpage.enabled to false
1549197574805	Marionette	DEBUG	Setting recommended pref browser.pagethumbnails.capturing_disabled to true
1549197574806	Marionette	DEBUG	Setting recommended pref browser.search.update to false
1549197574806	Marionette	DEBUG	Setting recommended pref browser.tabs.disableBackgroundZombification to false
1549197574806	Marionette	DEBUG	Setting recommended pref browser.tabs.warnOnCloseOtherTabs to false
1549197574806	Marionette	DEBUG	Setting recommended pref browser.tabs.warnOnOpen to false
1549197574807	Marionette	DEBUG	Setting recommended pref browser.usedOnWindows10.introURL to 
1549197574807	Marionette	DEBUG	Setting recommended pref browser.urlbar.suggest.searches to false
1549197574807	Marionette	DEBUG	Setting recommended pref datareporting.policy.dataSubmissionPolicyAccepted to false
1549197574807	Marionette	DEBUG	Setting recommended pref dom.disable_beforeunload to true
1549197574807	Marionette	DEBUG	Setting recommended pref dom.disable_open_during_load to false
1549197574807	Marionette	DEBUG	Setting recommended pref dom.file.createInChild to true
1549197574808	Marionette	DEBUG	Setting recommended pref dom.max_chrome_script_run_time to 0
1549197574808	Marionette	DEBUG	Setting recommended pref dom.max_script_run_time to 0
1549197574808	Marionette	DEBUG	Setting recommended pref extensions.getAddons.cache.enabled to false
1549197574808	Marionette	DEBUG	Setting recommended pref extensions.webservice.discoverURL to http://%(server)s/dummy/discoveryURL
1549197574808	Marionette	DEBUG	Setting recommended pref network.http.prompt-temp-redirect to false
1549197574808	Marionette	DEBUG	Setting recommended pref network.http.speculative-parallel-limit to 0
1549197574808	Marionette	DEBUG	Setting recommended pref security.fileuri.strict_origin_policy to false
1549197574809	Marionette	DEBUG	Setting recommended pref security.notification_enable_delay to 0
1549197574809	Marionette	DEBUG	Setting recommended pref signon.autofillForms to false
1549197574809	Marionette	DEBUG	Setting recommended pref signon.rememberSignons to false
1549197574809	Marionette	DEBUG	Setting recommended pref toolkit.cosmeticAnimations.enabled to false
1549197574852	Marionette	INFO	Listening on port 52838
1549197574852	Marionette	DEBUG	Remote service is active
1549197574903	Marionette	DEBUG	Accepted connection 0 from 127.0.0.1:52870
1549197574905	Marionette	DEBUG	0 -> [0,1,"WebDriver:NewSession",{"acceptInsecureCerts":true,"browserName":"firefox","capabilities":{"desiredCapabilities":{"acceptInsecureCerts":true,"browserName":"firefox"}}}]
1549197574905	Marionette	WARN	TLS certificate errors will be ignored for this session
1549197574944	Marionette	TRACE	[4294967297] Frame script loaded
1549197574956	Marionette	TRACE	[4294967297] Frame script registered
1549197574962	Marionette	DEBUG	0 <- [1,1,null,{"sessionId":"7cdd3933-db24-1340-8967-a2c7c9216991","capabilities":{"browserName":"firefox","browserVersion":"65.0" ... alse,"moz:webdriverClick":true,"capabilities":{"desiredCapabilities":{"acceptInsecureCerts":true,"browserName":"firefox"}}}}]
1549197574968	Marionette	DEBUG	0 -> [0,2,"WebDriver:Navigate",{"url":"http://diana.imis.athena-innovation.gr/DianaTools/index.php?r=MicroT_CDS/index"}]
1549197574979	Marionette	TRACE	[4294967297] Received DOM event beforeunload for about:blank
1549197575300	Marionette	TRACE	[4294967297] Received DOM event pagehide for about:blank
1549197576123	Marionette	TRACE	[4294967297] Received DOM event DOMContentLoaded for http://diana.imis.athena-innovation.gr/DianaTools/index.php?r=MicroT_CDS/index
1549197576679	Marionette	TRACE	[4294967297] Received DOM event pageshow for http://diana.imis.athena-innovation.gr/DianaTools/index.php?r=MicroT_CDS/index
1549197576680	Marionette	DEBUG	0 <- [1,2,null,{"value":null}]
1549197576684	Marionette	DEBUG	0 -> [0,3,"WebDriver:FindElement",{"using":"css selector","value":"[name=\"keywords\"]"}]
1549197576687	Marionette	DEBUG	0 <- [1,3,null,{"value":{"element-6066-11e4-a52e-4f735466cecf":"09e89a56-b5c3-5c41-ba60-942816cab22a"}}]
1549197576691	Marionette	DEBUG	0 -> [0,4,"WebDriver:ElementSendKeys",{"id":"09e89a56-b5c3-5c41-ba60-942816cab22a","text":"12312","value":["1","2","3","1","2"]}]
1549197576707	Marionette	DEBUG	0 <- [1,4,null,{"value":null}]
1549197576710	Marionette	DEBUG	0 -> [0,5,"WebDriver:ElementSendKeys",{"id":"09e89a56-b5c3-5c41-ba60-942816cab22a","text":"","value":[""]}]
1549197576743	Marionette	DEBUG	0 <- [1,5,null,{"value":null}]
1549197576748	Marionette	DEBUG	0 -> [0,6,"WebDriver:FindElement",{"using":"css selector","value":"[id=\"download_results_link\"]"}]
1549197576751	Marionette	DEBUG	0 <- [1,6,{"error":"no such element","message":"Unable to locate element: [id=\"download_results_link\"]","stacktrace":"WebDriverE ... entError@chrome://marionette/content/error.js:389:5\nelement.find/</<@chrome://marionette/content/element.js:339:16\n"},null]
1549197577256	Marionette	DEBUG	0 -> [0,7,"WebDriver:FindElement",{"using":"css selector","value":"[id=\"download_results_link\"]"}]
1549197577259	Marionette	DEBUG	0 <- [1,7,{"error":"no such element","message":"Unable to locate element: [id=\"download_results_link\"]","stacktrace":"WebDriverE ... entError@chrome://marionette/content/error.js:389:5\nelement.find/</<@chrome://marionette/content/element.js:339:16\n"},null]
1549197577766	Marionette	DEBUG	0 -> [0,8,"WebDriver:FindElement",{"using":"css selector","value":"[id=\"download_results_link\"]"}]
1549197577768	Marionette	DEBUG	0 <- [1,8,{"error":"no such element","message":"Unable to locate element: [id=\"download_results_link\"]","stacktrace":"WebDriverE ... entError@chrome://marionette/content/error.js:389:5\nelement.find/</<@chrome://marionette/content/element.js:339:16\n"},null]
1549197578272	Marionette	DEBUG	0 -> [0,9,"WebDriver:FindElement",{"using":"css selector","value":"[id=\"download_results_link\"]"}]
1549197578275	Marionette	DEBUG	0 <- [1,9,{"error":"no such element","message":"Unable to locate element: [id=\"download_results_link\"]","stacktrace":"WebDriverE ... entError@chrome://marionette/content/error.js:389:5\nelement.find/</<@chrome://marionette/content/element.js:339:16\n"},null]
1549197578783	Marionette	DEBUG	0 -> [0,10,"WebDriver:FindElement",{"using":"css selector","value":"[id=\"download_results_link\"]"}]
1549197578785	Marionette	DEBUG	0 <- [1,10,{"error":"no such element","message":"Unable to locate element: [id=\"download_results_link\"]","stacktrace":"WebDriver ... entError@chrome://marionette/content/error.js:389:5\nelement.find/</<@chrome://marionette/content/element.js:339:16\n"},null]
1549197579290	Marionette	DEBUG	0 -> [0,11,"WebDriver:FindElement",{"using":"css selector","value":"[id=\"download_results_link\"]"}]
1549197579292	Marionette	DEBUG	0 <- [1,11,{"error":"no such element","message":"Unable to locate element: [id=\"download_results_link\"]","stacktrace":"WebDriver ... entError@chrome://marionette/content/error.js:389:5\nelement.find/</<@chrome://marionette/content/element.js:339:16\n"},null]
1549197579800	Marionette	DEBUG	0 -> [0,12,"WebDriver:FindElement",{"using":"css selector","value":"[id=\"download_results_link\"]"}]
1549197579803	Marionette	DEBUG	0 <- [1,12,{"error":"no such element","message":"Unable to locate element: [id=\"download_results_link\"]","stacktrace":"WebDriver ... entError@chrome://marionette/content/error.js:389:5\nelement.find/</<@chrome://marionette/content/element.js:339:16\n"},null]
1549197580311	Marionette	DEBUG	0 -> [0,13,"WebDriver:FindElement",{"using":"css selector","value":"[id=\"download_results_link\"]"}]
1549197580313	Marionette	DEBUG	0 <- [1,13,{"error":"no such element","message":"Unable to locate element: [id=\"download_results_link\"]","stacktrace":"WebDriver ... entError@chrome://marionette/content/error.js:389:5\nelement.find/</<@chrome://marionette/content/element.js:339:16\n"},null]
1549197580821	Marionette	DEBUG	0 -> [0,14,"WebDriver:FindElement",{"using":"css selector","value":"[id=\"download_results_link\"]"}]
1549197580823	Marionette	DEBUG	0 <- [1,14,{"error":"no such element","message":"Unable to locate element: [id=\"download_results_link\"]","stacktrace":"WebDriver ... entError@chrome://marionette/content/error.js:389:5\nelement.find/</<@chrome://marionette/content/element.js:339:16\n"},null]
1549197581326	Marionette	DEBUG	0 -> [0,15,"WebDriver:FindElement",{"using":"css selector","value":"[id=\"download_results_link\"]"}]
1549197581329	Marionette	DEBUG	0 <- [1,15,{"error":"no such element","message":"Unable to locate element: [id=\"download_results_link\"]","stacktrace":"WebDriver ... entError@chrome://marionette/content/error.js:389:5\nelement.find/</<@chrome://marionette/content/element.js:339:16\n"},null]
1549197605856	geckodriver	INFO	geckodriver 0.21.0
1549197605862	geckodriver	INFO	Listening on 127.0.0.1:52896
1549197606797	Marionette	DEBUG	Closed connection 0
1549197606870	mozrunner::runner	INFO	Running command: "/Applications/Firefox.app/Contents/MacOS/firefox-bin" "-marionette" "-foreground" "-no-remote" "-profile" "/var/folders/1z/sctt4hw53635zk56cdy410zc0000gn/T/rust_mozprofile.4Ss9uIXcobu6"
1549197606898	Marionette	TRACE	Received observer notification xpcom-will-shutdown
1549197606898	Marionette	DEBUG	Resetting recommended pref app.update.disabledForTesting
1549197606898	Marionette	DEBUG	Resetting recommended pref apz.content_response_timeout
1549197606898	Marionette	DEBUG	Resetting recommended pref browser.contentblocking.introCount
1549197606898	Marionette	DEBUG	Resetting recommended pref browser.download.panel.shown
1549197606898	Marionette	DEBUG	Resetting recommended pref browser.newtabpage.enabled
1549197606899	Marionette	DEBUG	Resetting recommended pref browser.pagethumbnails.capturing_disabled
1549197606899	Marionette	DEBUG	Resetting recommended pref browser.search.update
1549197606899	Marionette	DEBUG	Resetting recommended pref browser.tabs.disableBackgroundZombification
1549197606900	Marionette	DEBUG	Resetting recommended pref browser.tabs.warnOnCloseOtherTabs
1549197606900	Marionette	DEBUG	Resetting recommended pref browser.tabs.warnOnOpen
1549197606900	Marionette	DEBUG	Resetting recommended pref browser.usedOnWindows10.introURL
1549197606900	Marionette	DEBUG	Resetting recommended pref browser.urlbar.suggest.searches
1549197606901	Marionette	DEBUG	Resetting recommended pref datareporting.policy.dataSubmissionPolicyAccepted
1549197606901	Marionette	DEBUG	Resetting recommended pref dom.disable_beforeunload
1549197606901	Marionette	DEBUG	Resetting recommended pref dom.disable_open_during_load
1549197606901	Marionette	DEBUG	Resetting recommended pref dom.file.createInChild
1549197606901	Marionette	DEBUG	Resetting recommended pref dom.max_chrome_script_run_time
1549197606901	Marionette	DEBUG	Resetting recommended pref dom.max_script_run_time
1549197606902	Marionette	DEBUG	Resetting recommended pref extensions.getAddons.cache.enabled
1549197606902	Marionette	DEBUG	Resetting recommended pref extensions.webservice.discoverURL
1549197606902	Marionette	DEBUG	Resetting recommended pref network.http.prompt-temp-redirect
1549197606902	Marionette	DEBUG	Resetting recommended pref network.http.speculative-parallel-limit
1549197606902	Marionette	DEBUG	Resetting recommended pref security.fileuri.strict_origin_policy
1549197606902	Marionette	DEBUG	Resetting recommended pref security.notification_enable_delay
1549197606902	Marionette	DEBUG	Resetting recommended pref signon.autofillForms
1549197606902	Marionette	DEBUG	Resetting recommended pref signon.rememberSignons
1549197606902	Marionette	DEBUG	Resetting recommended pref toolkit.cosmeticAnimations.enabled
1549197606903	Marionette	INFO	Stopped listening on port 52838
1549197606903	Marionette	DEBUG	Remote service is inactive
1549197607455	addons.webextension.screenshots@mozilla.org	WARN	Loading extension 'screenshots@mozilla.org': Reading manifest: Invalid host permission: resource://pdf.js/
1549197607455	addons.webextension.screenshots@mozilla.org	WARN	Loading extension 'screenshots@mozilla.org': Reading manifest: Invalid host permission: about:reader*
1549197607571	Marionette	TRACE	Received observer notification profile-after-change
1549197607683	Marionette	TRACE	Received observer notification command-line-startup
1549197607684	Marionette	TRACE	Received observer notification nsPref:changed
1549197607684	Marionette	DEBUG	Init aborted (running=false, enabled=true, finalUIStartup=false)
1549197607892	Marionette	TRACE	Received observer notification toplevel-window-ready
Can't find symbol 'GetGraphicsResetStatus'.
1549197608768	Marionette	TRACE	Received observer notification sessionstore-windows-restored
1549197608768	Marionette	TRACE	Waiting until startup recorder finished recording startup scripts...
1549197608950	Marionette	TRACE	All scripts recorded.
1549197608950	Marionette	DEBUG	Setting recommended pref app.update.disabledForTesting to true
1549197608950	Marionette	DEBUG	Setting recommended pref apz.content_response_timeout to 60000
1549197608951	Marionette	DEBUG	Setting recommended pref browser.contentblocking.introCount to 99
1549197608951	Marionette	DEBUG	Setting recommended pref browser.download.panel.shown to true
1549197608951	Marionette	DEBUG	Setting recommended pref browser.newtabpage.enabled to false
1549197608952	Marionette	DEBUG	Setting recommended pref browser.pagethumbnails.capturing_disabled to true
1549197608952	Marionette	DEBUG	Setting recommended pref browser.search.update to false
1549197608953	Marionette	DEBUG	Setting recommended pref browser.tabs.disableBackgroundZombification to false
1549197608953	Marionette	DEBUG	Setting recommended pref browser.tabs.warnOnCloseOtherTabs to false
1549197608953	Marionette	DEBUG	Setting recommended pref browser.tabs.warnOnOpen to false
1549197608953	Marionette	DEBUG	Setting recommended pref browser.usedOnWindows10.introURL to 
1549197608954	Marionette	DEBUG	Setting recommended pref browser.urlbar.suggest.searches to false
1549197608954	Marionette	DEBUG	Setting recommended pref datareporting.policy.dataSubmissionPolicyAccepted to false
1549197608955	Marionette	DEBUG	Setting recommended pref dom.disable_beforeunload to true
1549197608955	Marionette	DEBUG	Setting recommended pref dom.disable_open_during_load to false
1549197608955	Marionette	DEBUG	Setting recommended pref dom.file.createInChild to true
1549197608955	Marionette	DEBUG	Setting recommended pref dom.max_chrome_script_run_time to 0
1549197608955	Marionette	DEBUG	Setting recommended pref dom.max_script_run_time to 0
1549197608956	Marionette	DEBUG	Setting recommended pref extensions.getAddons.cache.enabled to false
1549197608956	Marionette	DEBUG	Setting recommended pref extensions.webservice.discoverURL to http://%(server)s/dummy/discoveryURL
1549197608956	Marionette	DEBUG	Setting recommended pref network.http.prompt-temp-redirect to false
1549197608956	Marionette	DEBUG	Setting recommended pref network.http.speculative-parallel-limit to 0
1549197608956	Marionette	DEBUG	Setting recommended pref security.fileuri.strict_origin_policy to false
1549197608957	Marionette	DEBUG	Setting recommended pref security.notification_enable_delay to 0
1549197608957	Marionette	DEBUG	Setting recommended pref signon.autofillForms to false
1549197608957	Marionette	DEBUG	Setting recommended pref signon.rememberSignons to false
1549197608957	Marionette	DEBUG	Setting recommended pref toolkit.cosmeticAnimations.enabled to false
1549197608992	Marionette	INFO	Listening on port 52913
1549197608992	Marionette	DEBUG	Remote service is active
1549197609015	Marionette	DEBUG	Accepted connection 0 from 127.0.0.1:52946
1549197609019	Marionette	DEBUG	0 -> [0,1,"WebDriver:NewSession",{"acceptInsecureCerts":true,"browserName":"firefox","capabilities":{"desiredCapabilities":{"acceptInsecureCerts":true,"browserName":"firefox"}}}]
1549197609019	Marionette	WARN	TLS certificate errors will be ignored for this session
1549197609062	Marionette	TRACE	[4294967297] Frame script loaded
1549197609063	Marionette	TRACE	[4294967297] Frame script registered
1549197609069	Marionette	DEBUG	0 <- [1,1,null,{"sessionId":"cc5a9537-e844-cf44-9398-85313d831967","capabilities":{"browserName":"firefox","browserVersion":"65.0" ... alse,"moz:webdriverClick":true,"capabilities":{"desiredCapabilities":{"acceptInsecureCerts":true,"browserName":"firefox"}}}}]
1549197609073	Marionette	DEBUG	0 -> [0,2,"WebDriver:Navigate",{"url":"http://diana.imis.athena-innovation.gr/DianaTools/index.php?r=MicroT_CDS/index"}]
1549197609081	Marionette	TRACE	[4294967297] Received DOM event beforeunload for about:blank
1549197609397	Marionette	TRACE	[4294967297] Received DOM event pagehide for about:blank
1549197610194	Marionette	TRACE	[4294967297] Received DOM event DOMContentLoaded for http://diana.imis.athena-innovation.gr/DianaTools/index.php?r=MicroT_CDS/index
1549197610777	Marionette	TRACE	[4294967297] Received DOM event pageshow for http://diana.imis.athena-innovation.gr/DianaTools/index.php?r=MicroT_CDS/index
1549197610778	Marionette	DEBUG	0 <- [1,2,null,{"value":null}]
1549197610782	Marionette	DEBUG	0 -> [0,3,"WebDriver:FindElement",{"using":"css selector","value":"[name=\"keywords\"]"}]
1549197610785	Marionette	DEBUG	0 <- [1,3,null,{"value":{"element-6066-11e4-a52e-4f735466cecf":"7086271e-dbb1-5842-9da9-da0775949eb5"}}]
1549197610788	Marionette	DEBUG	0 -> [0,4,"WebDriver:ElementSendKeys",{"id":"7086271e-dbb1-5842-9da9-da0775949eb5","text":"mmu-miR-200a-3p","value":["m","m","u","-","m","i","R","-","2","0","0","a","-","3","p"]}]
1549197610819	Marionette	DEBUG	0 <- [1,4,null,{"value":null}]
1549197610822	Marionette	DEBUG	0 -> [0,5,"WebDriver:ElementSendKeys",{"id":"7086271e-dbb1-5842-9da9-da0775949eb5","text":"","value":[""]}]
1549197610858	Marionette	DEBUG	0 <- [1,5,null,{"value":null}]
1549197610865	Marionette	DEBUG	0 -> [0,6,"WebDriver:FindElement",{"using":"css selector","value":"[id=\"download_results_link\"]"}]
1549197610868	Marionette	DEBUG	0 <- [1,6,{"error":"no such element","message":"Unable to locate element: [id=\"download_results_link\"]","stacktrace":"WebDriverE ... entError@chrome://marionette/content/error.js:389:5\nelement.find/</<@chrome://marionette/content/element.js:339:16\n"},null]
1549197611374	Marionette	DEBUG	0 -> [0,7,"WebDriver:FindElement",{"using":"css selector","value":"[id=\"download_results_link\"]"}]
1549197611376	Marionette	DEBUG	0 <- [1,7,{"error":"no such element","message":"Unable to locate element: [id=\"download_results_link\"]","stacktrace":"WebDriverE ... entError@chrome://marionette/content/error.js:389:5\nelement.find/</<@chrome://marionette/content/element.js:339:16\n"},null]
1549197611880	Marionette	DEBUG	0 -> [0,8,"WebDriver:FindElement",{"using":"css selector","value":"[id=\"download_results_link\"]"}]
1549197611882	Marionette	DEBUG	0 <- [1,8,{"error":"no such element","message":"Unable to locate element: [id=\"download_results_link\"]","stacktrace":"WebDriverE ... entError@chrome://marionette/content/error.js:389:5\nelement.find/</<@chrome://marionette/content/element.js:339:16\n"},null]
1549197612387	Marionette	DEBUG	0 -> [0,9,"WebDriver:FindElement",{"using":"css selector","value":"[id=\"download_results_link\"]"}]
1549197612393	Marionette	DEBUG	0 <- [1,9,null,{"value":{"element-6066-11e4-a52e-4f735466cecf":"244a87cb-0de9-204a-893f-25c40692153a"}}]
1549197612396	Marionette	DEBUG	0 -> [0,10,"WebDriver:FindElement",{"using":"css selector","value":"[id=\"download_results_link\"]"}]
1549197612398	Marionette	DEBUG	0 <- [1,10,null,{"value":{"element-6066-11e4-a52e-4f735466cecf":"244a87cb-0de9-204a-893f-25c40692153a"}}]
1549197612402	Marionette	DEBUG	0 -> [0,11,"WebDriver:ExecuteScript",{"args":[{"ELEMENT":"244a87cb-0de9-204a-893f-25c40692153a","element-6066-11e4-a52e-4f735466ce ... dow!='undefined'?window.document:null}, arguments);}\n).apply(null, arguments);","scriptTimeout":null,"specialPowers":false}]
1549197612411	Marionette	DEBUG	0 <- [1,11,null,{"value":"http://diana.imis.athena-innovation.gr/DianaTools/index.php?r=download/microT_CDS&keywords=mmu-miR-200a-3p&genes=&mirnas=mmu-miR-200a-3p%20&descr=&threshold=0.7"}]
1549197618549	Marionette	DEBUG	Closed connection 0
1549197618636	Marionette	TRACE	Received observer notification xpcom-will-shutdown
1549197618636	Marionette	DEBUG	Resetting recommended pref app.update.disabledForTesting
1549197618636	Marionette	DEBUG	Resetting recommended pref apz.content_response_timeout
1549197618636	Marionette	DEBUG	Resetting recommended pref browser.contentblocking.introCount
1549197618636	Marionette	DEBUG	Resetting recommended pref browser.download.panel.shown
1549197618636	Marionette	DEBUG	Resetting recommended pref browser.newtabpage.enabled
1549197618637	Marionette	DEBUG	Resetting recommended pref browser.pagethumbnails.capturing_disabled
1549197618637	Marionette	DEBUG	Resetting recommended pref browser.search.update
1549197618637	Marionette	DEBUG	Resetting recommended pref browser.tabs.disableBackgroundZombification
1549197618637	Marionette	DEBUG	Resetting recommended pref browser.tabs.warnOnCloseOtherTabs
1549197618637	Marionette	DEBUG	Resetting recommended pref browser.tabs.warnOnOpen
1549197618638	Marionette	DEBUG	Resetting recommended pref browser.usedOnWindows10.introURL
1549197618638	Marionette	DEBUG	Resetting recommended pref browser.urlbar.suggest.searches
1549197618638	Marionette	DEBUG	Resetting recommended pref datareporting.policy.dataSubmissionPolicyAccepted
1549197618638	Marionette	DEBUG	Resetting recommended pref dom.disable_beforeunload
1549197618638	Marionette	DEBUG	Resetting recommended pref dom.disable_open_during_load
1549197618638	Marionette	DEBUG	Resetting recommended pref dom.file.createInChild
1549197618638	Marionette	DEBUG	Resetting recommended pref dom.max_chrome_script_run_time
1549197618638	Marionette	DEBUG	Resetting recommended pref dom.max_script_run_time
1549197618638	Marionette	DEBUG	Resetting recommended pref extensions.getAddons.cache.enabled
1549197618639	Marionette	DEBUG	Resetting recommended pref extensions.webservice.discoverURL
1549197618639	Marionette	DEBUG	Resetting recommended pref network.http.prompt-temp-redirect
1549197618639	Marionette	DEBUG	Resetting recommended pref network.http.speculative-parallel-limit
1549197618639	Marionette	DEBUG	Resetting recommended pref security.fileuri.strict_origin_policy
1549197618639	Marionette	DEBUG	Resetting recommended pref security.notification_enable_delay
1549197618639	Marionette	DEBUG	Resetting recommended pref signon.autofillForms
1549197618639	Marionette	DEBUG	Resetting recommended pref signon.rememberSignons
1549197618639	Marionette	DEBUG	Resetting recommended pref toolkit.cosmeticAnimations.enabled
1549197618640	Marionette	INFO	Stopped listening on port 52913
1549197618640	Marionette	DEBUG	Remote service is inactive
1549197626255	geckodriver	INFO	geckodriver 0.21.0
1549197626262	geckodriver	INFO	Listening on 127.0.0.1:52970
1549197627269	mozrunner::runner	INFO	Running command: "/Applications/Firefox.app/Contents/MacOS/firefox-bin" "-marionette" "-foreground" "-no-remote" "-profile" "/var/folders/1z/sctt4hw53635zk56cdy410zc0000gn/T/rust_mozprofile.l21QmLeRnoAV"
1549197627778	addons.webextension.screenshots@mozilla.org	WARN	Loading extension 'screenshots@mozilla.org': Reading manifest: Invalid host permission: resource://pdf.js/
1549197627779	addons.webextension.screenshots@mozilla.org	WARN	Loading extension 'screenshots@mozilla.org': Reading manifest: Invalid host permission: about:reader*
1549197627901	Marionette	TRACE	Received observer notification profile-after-change
1549197628014	Marionette	TRACE	Received observer notification command-line-startup
1549197628014	Marionette	TRACE	Received observer notification nsPref:changed
1549197628014	Marionette	DEBUG	Init aborted (running=false, enabled=true, finalUIStartup=false)
1549197628224	Marionette	TRACE	Received observer notification toplevel-window-ready
Can't find symbol 'GetGraphicsResetStatus'.
1549197629111	Marionette	TRACE	Received observer notification sessionstore-windows-restored
1549197629111	Marionette	TRACE	Waiting until startup recorder finished recording startup scripts...
1549197629282	Marionette	TRACE	All scripts recorded.
1549197629282	Marionette	DEBUG	Setting recommended pref app.update.disabledForTesting to true
1549197629283	Marionette	DEBUG	Setting recommended pref apz.content_response_timeout to 60000
1549197629283	Marionette	DEBUG	Setting recommended pref browser.contentblocking.introCount to 99
1549197629283	Marionette	DEBUG	Setting recommended pref browser.download.panel.shown to true
1549197629283	Marionette	DEBUG	Setting recommended pref browser.newtabpage.enabled to false
1549197629283	Marionette	DEBUG	Setting recommended pref browser.pagethumbnails.capturing_disabled to true
1549197629284	Marionette	DEBUG	Setting recommended pref browser.search.update to false
1549197629284	Marionette	DEBUG	Setting recommended pref browser.tabs.disableBackgroundZombification to false
1549197629284	Marionette	DEBUG	Setting recommended pref browser.tabs.warnOnCloseOtherTabs to false
1549197629284	Marionette	DEBUG	Setting recommended pref browser.tabs.warnOnOpen to false
1549197629285	Marionette	DEBUG	Setting recommended pref browser.usedOnWindows10.introURL to 
1549197629285	Marionette	DEBUG	Setting recommended pref browser.urlbar.suggest.searches to false
1549197629285	Marionette	DEBUG	Setting recommended pref datareporting.policy.dataSubmissionPolicyAccepted to false
1549197629285	Marionette	DEBUG	Setting recommended pref dom.disable_beforeunload to true
1549197629285	Marionette	DEBUG	Setting recommended pref dom.disable_open_during_load to false
1549197629285	Marionette	DEBUG	Setting recommended pref dom.file.createInChild to true
1549197629286	Marionette	DEBUG	Setting recommended pref dom.max_chrome_script_run_time to 0
1549197629286	Marionette	DEBUG	Setting recommended pref dom.max_script_run_time to 0
1549197629286	Marionette	DEBUG	Setting recommended pref extensions.getAddons.cache.enabled to false
1549197629286	Marionette	DEBUG	Setting recommended pref extensions.webservice.discoverURL to http://%(server)s/dummy/discoveryURL
1549197629286	Marionette	DEBUG	Setting recommended pref network.http.prompt-temp-redirect to false
1549197629286	Marionette	DEBUG	Setting recommended pref network.http.speculative-parallel-limit to 0
1549197629286	Marionette	DEBUG	Setting recommended pref security.fileuri.strict_origin_policy to false
1549197629286	Marionette	DEBUG	Setting recommended pref security.notification_enable_delay to 0
1549197629286	Marionette	DEBUG	Setting recommended pref signon.autofillForms to false
1549197629287	Marionette	DEBUG	Setting recommended pref signon.rememberSignons to false
1549197629287	Marionette	DEBUG	Setting recommended pref toolkit.cosmeticAnimations.enabled to false
1549197629323	Marionette	INFO	Listening on port 52977
1549197629323	Marionette	DEBUG	Remote service is active
1549197629395	Marionette	DEBUG	Accepted connection 0 from 127.0.0.1:53003
1549197629397	Marionette	DEBUG	0 -> [0,1,"WebDriver:NewSession",{"acceptInsecureCerts":true,"browserName":"firefox","capabilities":{"desiredCapabilities":{"acceptInsecureCerts":true,"browserName":"firefox"}}}]
1549197629397	Marionette	WARN	TLS certificate errors will be ignored for this session
1549197629436	Marionette	TRACE	[4294967297] Frame script loaded
1549197629436	Marionette	TRACE	[4294967297] Frame script registered
1549197629444	Marionette	DEBUG	0 <- [1,1,null,{"sessionId":"c3a637b0-6c02-7c49-b5f0-08f03517308b","capabilities":{"browserName":"firefox","browserVersion":"65.0" ... alse,"moz:webdriverClick":true,"capabilities":{"desiredCapabilities":{"acceptInsecureCerts":true,"browserName":"firefox"}}}}]
1549197629452	Marionette	DEBUG	0 -> [0,2,"WebDriver:Navigate",{"url":"http://diana.imis.athena-innovation.gr/DianaTools/index.php?r=MicroT_CDS/index"}]
1549197629457	Marionette	TRACE	[4294967297] Received DOM event beforeunload for about:blank
1549197629772	Marionette	TRACE	[4294967297] Received DOM event pagehide for about:blank
1549197630555	Marionette	TRACE	[4294967297] Received DOM event DOMContentLoaded for http://diana.imis.athena-innovation.gr/DianaTools/index.php?r=MicroT_CDS/index
1549197631094	Marionette	TRACE	[4294967297] Received DOM event pageshow for http://diana.imis.athena-innovation.gr/DianaTools/index.php?r=MicroT_CDS/index
1549197631095	Marionette	DEBUG	0 <- [1,2,null,{"value":null}]
1549197631102	Marionette	DEBUG	0 -> [0,3,"WebDriver:FindElement",{"using":"css selector","value":"[name=\"keywords\"]"}]
1549197631105	Marionette	DEBUG	0 <- [1,3,null,{"value":{"element-6066-11e4-a52e-4f735466cecf":"13ab3bb5-3577-3c43-9d19-163edca1524a"}}]
1549197631110	Marionette	DEBUG	0 -> [0,4,"WebDriver:ElementSendKeys",{"id":"13ab3bb5-3577-3c43-9d19-163edca1524a","text":"mmu-miR-200a-3p","value":["m","m","u","-","m","i","R","-","2","0","0","a","-","3","p"]}]
1549197631137	Marionette	DEBUG	0 <- [1,4,null,{"value":null}]
1549197631139	Marionette	DEBUG	0 -> [0,5,"WebDriver:ElementSendKeys",{"id":"13ab3bb5-3577-3c43-9d19-163edca1524a","text":"","value":[""]}]
1549197631167	Marionette	DEBUG	0 <- [1,5,null,{"value":null}]
1549197631172	Marionette	DEBUG	0 -> [0,6,"WebDriver:FindElement",{"using":"css selector","value":"[id=\"download_results_link\"]"}]
1549197631175	Marionette	DEBUG	0 <- [1,6,{"error":"no such element","message":"Unable to locate element: [id=\"download_results_link\"]","stacktrace":"WebDriverE ... entError@chrome://marionette/content/error.js:389:5\nelement.find/</<@chrome://marionette/content/element.js:339:16\n"},null]
1549197631683	Marionette	DEBUG	0 -> [0,7,"WebDriver:FindElement",{"using":"css selector","value":"[id=\"download_results_link\"]"}]
1549197631685	Marionette	DEBUG	0 <- [1,7,{"error":"no such element","message":"Unable to locate element: [id=\"download_results_link\"]","stacktrace":"WebDriverE ... entError@chrome://marionette/content/error.js:389:5\nelement.find/</<@chrome://marionette/content/element.js:339:16\n"},null]
1549197632192	Marionette	DEBUG	0 -> [0,8,"WebDriver:FindElement",{"using":"css selector","value":"[id=\"download_results_link\"]"}]
1549197632200	Marionette	DEBUG	0 <- [1,8,null,{"value":{"element-6066-11e4-a52e-4f735466cecf":"79e13b32-27fd-024d-aaae-70dca49edccb"}}]
1549197632205	Marionette	DEBUG	0 -> [0,9,"WebDriver:FindElement",{"using":"css selector","value":"[id=\"download_results_link\"]"}]
1549197632209	Marionette	DEBUG	0 <- [1,9,null,{"value":{"element-6066-11e4-a52e-4f735466cecf":"79e13b32-27fd-024d-aaae-70dca49edccb"}}]
1549197632213	Marionette	DEBUG	0 -> [0,10,"WebDriver:ExecuteScript",{"args":[{"ELEMENT":"79e13b32-27fd-024d-aaae-70dca49edccb","element-6066-11e4-a52e-4f735466ce ... dow!='undefined'?window.document:null}, arguments);}\n).apply(null, arguments);","scriptTimeout":null,"specialPowers":false}]
1549197632229	Marionette	DEBUG	0 <- [1,10,null,{"value":"http://diana.imis.athena-innovation.gr/DianaTools/index.php?r=download/microT_CDS&keywords=mmu-miR-200a-3p&genes=&mirnas=mmu-miR-200a-3p%20&descr=&threshold=0.7"}]
1549197635763	Marionette	DEBUG	Closed connection 0
1549197635842	Marionette	TRACE	Received observer notification xpcom-will-shutdown
1549197635842	Marionette	DEBUG	Resetting recommended pref app.update.disabledForTesting
1549197635842	Marionette	DEBUG	Resetting recommended pref apz.content_response_timeout
1549197635842	Marionette	DEBUG	Resetting recommended pref browser.contentblocking.introCount
1549197635842	Marionette	DEBUG	Resetting recommended pref browser.download.panel.shown
1549197635842	Marionette	DEBUG	Resetting recommended pref browser.newtabpage.enabled
1549197635842	Marionette	DEBUG	Resetting recommended pref browser.pagethumbnails.capturing_disabled
1549197635842	Marionette	DEBUG	Resetting recommended pref browser.search.update
1549197635842	Marionette	DEBUG	Resetting recommended pref browser.tabs.disableBackgroundZombification
1549197635842	Marionette	DEBUG	Resetting recommended pref browser.tabs.warnOnCloseOtherTabs
1549197635843	Marionette	DEBUG	Resetting recommended pref browser.tabs.warnOnOpen
1549197635843	Marionette	DEBUG	Resetting recommended pref browser.usedOnWindows10.introURL
1549197635843	Marionette	DEBUG	Resetting recommended pref browser.urlbar.suggest.searches
1549197635843	Marionette	DEBUG	Resetting recommended pref datareporting.policy.dataSubmissionPolicyAccepted
1549197635843	Marionette	DEBUG	Resetting recommended pref dom.disable_beforeunload
1549197635843	Marionette	DEBUG	Resetting recommended pref dom.disable_open_during_load
1549197635843	Marionette	DEBUG	Resetting recommended pref dom.file.createInChild
1549197635843	Marionette	DEBUG	Resetting recommended pref dom.max_chrome_script_run_time
1549197635843	Marionette	DEBUG	Resetting recommended pref dom.max_script_run_time
1549197635843	Marionette	DEBUG	Resetting recommended pref extensions.getAddons.cache.enabled
1549197635844	Marionette	DEBUG	Resetting recommended pref extensions.webservice.discoverURL
1549197635844	Marionette	DEBUG	Resetting recommended pref network.http.prompt-temp-redirect
1549197635844	Marionette	DEBUG	Resetting recommended pref network.http.speculative-parallel-limit
1549197635844	Marionette	DEBUG	Resetting recommended pref security.fileuri.strict_origin_policy
1549197635844	Marionette	DEBUG	Resetting recommended pref security.notification_enable_delay
1549197635844	Marionette	DEBUG	Resetting recommended pref signon.autofillForms
1549197635845	Marionette	DEBUG	Resetting recommended pref signon.rememberSignons
1549197635845	Marionette	DEBUG	Resetting recommended pref toolkit.cosmeticAnimations.enabled
1549197635846	Marionette	INFO	Stopped listening on port 52977
1549197635846	Marionette	DEBUG	Remote service is inactive
